  CustomWidgetTest.cpp
  DataPointMovedEvent.cpp
  FanCurveContainer.cpp
  FanCurveDataPoint.cpp
  FanCurveGraph.cpp
c:\users\jack2bs\source\repos\fancontroller 2\fancontroller 2\fancurvegraph.cpp(67): warning C4018: '<': signed/unsigned mismatch
c:\users\jack2bs\source\repos\fancontroller 2\fancontroller 2\fancurvegraph.cpp(121): warning C4018: '<': signed/unsigned mismatch
c:\users\jack2bs\source\repos\fancontroller 2\fancontroller 2\fancurvegraph.cpp(205): warning C4018: '<': signed/unsigned mismatch
c:\users\jack2bs\source\repos\fancontroller 2\fancontroller 2\fancurvegraph.cpp(265): warning C4018: '<': signed/unsigned mismatch
  MainApp.cpp
c:\users\jack2bs\source\repos\fancontroller 2\fancontroller 2\mainapp.cpp(129): warning C4018: '<': signed/unsigned mismatch
c:\users\jack2bs\source\repos\fancontroller 2\fancontroller 2\mainapp.cpp(205): warning C4018: '<': signed/unsigned mismatch
c:\users\jack2bs\source\repos\fancontroller 2\fancontroller 2\mainapp.cpp(220): warning C4018: '<': signed/unsigned mismatch
  ParentFrame.cpp
  SliderWithoutArt.cpp
  Test.cpp
  Generating code
  39 of 1289 functions ( 3.0%) were compiled, the rest were copied from previous compilation.
    1 functions were new in current compilation
    25 functions had inline decision re-evaluated but remain unchanged
  Finished generating code
wxbase31u.lib(any.cpp.obj) : warning LNK4099: PDB 'wxbase.pdb' was not found with 'wxbase31u.lib(any.cpp.obj)' or at 'C:\Users\Jack2bs\source\repos\FanController 2\Release\wxbase.pdb'; linking object as if no debug info
wxbase31u.lib(appbase.cpp.obj) : warning LNK4099: PDB 'wxbase.pdb' was not found with 'wxbase31u.lib(appbase.cpp.obj)' or at 'C:\Users\Jack2bs\source\repos\FanController 2\Release\wxbase.pdb'; linking object as if no debug info
wxbase31u.lib(arrstr.cpp.obj) : warning LNK4099: PDB 'wxbase.pdb' was not found with 'wxbase31u.lib(arrstr.cpp.obj)' or at 'C:\Users\Jack2bs\source\repos\FanController 2\Release\wxbase.pdb'; linking object as if no debug info
wxbase31u.lib(base64.cpp.obj) : warning LNK4099: PDB 'wxbase.pdb' was not found with 'wxbase31u.lib(base64.cpp.obj)' or at 'C:\Users\Jack2bs\source\repos\FanController 2\Release\wxbase.pdb'; linking object as if no debug info
wxbase31u.lib(clntdata.cpp.obj) : warning LNK4099: PDB 'wxbase.pdb' was not found with 'wxbase31u.lib(clntdata.cpp.obj)' or at 'C:\Users\Jack2bs\source\repos\FanController 2\Release\wxbase.pdb'; linking object as if no debug info
wxbase31u.lib(cmdline.cpp.obj) : warning LNK4099: PDB 'wxbase.pdb' was not found with 'wxbase31u.lib(cmdline.cpp.obj)' or at 'C:\Users\Jack2bs\source\repos\FanController 2\Release\wxbase.pdb'; linking object as if no debug info
wxbase31u.lib(config.cpp.obj) : warning LNK4099: PDB 'wxbase.pdb' was not found with 'wxbase31u.lib(config.cpp.obj)' or at 'C:\Users\Jack2bs\source\repos\FanController 2\Release\wxbase.pdb'; linking object as if no debug info
wxbase31u.lib(convauto.cpp.obj) : warning LNK4099: PDB 'wxbase.pdb' was not found with 'wxbase31u.lib(convauto.cpp.obj)' or at 'C:\Users\Jack2bs\source\repos\FanController 2\Release\wxbase.pdb'; linking object as if no debug info
wxbase31u.lib(datetime.cpp.obj) : warning LNK4099: PDB 'wxbase.pdb' was not found with 'wxbase31u.lib(datetime.cpp.obj)' or at 'C:\Users\Jack2bs\source\repos\FanController 2\Release\wxbase.pdb'; linking object as if no debug info
wxbase31u.lib(datetimefmt.cpp.obj) : warning LNK4099: PDB 'wxbase.pdb' was not found with 'wxbase31u.lib(datetimefmt.cpp.obj)' or at 'C:\Users\Jack2bs\source\repos\FanController 2\Release\wxbase.pdb'; linking object as if no debug info
wxbase31u.lib(datstrm.cpp.obj) : warning LNK4099: PDB 'wxbase.pdb' was not found with 'wxbase31u.lib(datstrm.cpp.obj)' or at 'C:\Users\Jack2bs\source\repos\FanController 2\Release\wxbase.pdb'; linking object as if no debug info
wxbase31u.lib(dynlib.cpp.obj) : warning LNK4099: PDB 'wxbase.pdb' was not found with 'wxbase31u.lib(dynlib.cpp.obj)' or at 'C:\Users\Jack2bs\source\repos\FanController 2\Release\wxbase.pdb'; linking object as if no debug info
wxbase31u.lib(encconv.cpp.obj) : warning LNK4099: PDB 'wxbase.pdb' was not found with 'wxbase31u.lib(encconv.cpp.obj)' or at 'C:\Users\Jack2bs\source\repos\FanController 2\Release\wxbase.pdb'; linking object as if no debug info
wxbase31u.lib(evtloopcmn.cpp.obj) : warning LNK4099: PDB 'wxbase.pdb' was not found with 'wxbase31u.lib(evtloopcmn.cpp.obj)' or at 'C:\Users\Jack2bs\source\repos\FanController 2\Release\wxbase.pdb'; linking object as if no debug info
wxbase31u.lib(extended.c.obj) : warning LNK4099: PDB 'wxbase.pdb' was not found with 'wxbase31u.lib(extended.c.obj)' or at 'C:\Users\Jack2bs\source\repos\FanController 2\Release\wxbase.pdb'; linking object as if no debug info
wxbase31u.lib(ffile.cpp.obj) : warning LNK4099: PDB 'wxbase.pdb' was not found with 'wxbase31u.lib(ffile.cpp.obj)' or at 'C:\Users\Jack2bs\source\repos\FanController 2\Release\wxbase.pdb'; linking object as if no debug info
wxbase31u.lib(file.cpp.obj) : warning LNK4099: PDB 'wxbase.pdb' was not found with 'wxbase31u.lib(file.cpp.obj)' or at 'C:\Users\Jack2bs\source\repos\FanController 2\Release\wxbase.pdb'; linking object as if no debug info
wxbase31u.lib(fileconf.cpp.obj) : warning LNK4099: PDB 'wxbase.pdb' was not found with 'wxbase31u.lib(fileconf.cpp.obj)' or at 'C:\Users\Jack2bs\source\repos\FanController 2\Release\wxbase.pdb'; linking object as if no debug info
wxbase31u.lib(filefn.cpp.obj) : warning LNK4099: PDB 'wxbase.pdb' was not found with 'wxbase31u.lib(filefn.cpp.obj)' or at 'C:\Users\Jack2bs\source\repos\FanController 2\Release\wxbase.pdb'; linking object as if no debug info
wxbase31u.lib(filename.cpp.obj) : warning LNK4099: PDB 'wxbase.pdb' was not found with 'wxbase31u.lib(filename.cpp.obj)' or at 'C:\Users\Jack2bs\source\repos\FanController 2\Release\wxbase.pdb'; linking object as if no debug info
wxbase31u.lib(fmapbase.cpp.obj) : warning LNK4099: PDB 'wxbase.pdb' was not found with 'wxbase31u.lib(fmapbase.cpp.obj)' or at 'C:\Users\Jack2bs\source\repos\FanController 2\Release\wxbase.pdb'; linking object as if no debug info
wxbase31u.lib(hash.cpp.obj) : warning LNK4099: PDB 'wxbase.pdb' was not found with 'wxbase31u.lib(hash.cpp.obj)' or at 'C:\Users\Jack2bs\source\repos\FanController 2\Release\wxbase.pdb'; linking object as if no debug info
wxbase31u.lib(hashmap.cpp.obj) : warning LNK4099: PDB 'wxbase.pdb' was not found with 'wxbase31u.lib(hashmap.cpp.obj)' or at 'C:\Users\Jack2bs\source\repos\FanController 2\Release\wxbase.pdb'; linking object as if no debug info
wxbase31u.lib(init.cpp.obj) : warning LNK4099: PDB 'wxbase.pdb' was not found with 'wxbase31u.lib(init.cpp.obj)' or at 'C:\Users\Jack2bs\source\repos\FanController 2\Release\wxbase.pdb'; linking object as if no debug info
wxbase31u.lib(intl.cpp.obj) : warning LNK4099: PDB 'wxbase.pdb' was not found with 'wxbase31u.lib(intl.cpp.obj)' or at 'C:\Users\Jack2bs\source\repos\FanController 2\Release\wxbase.pdb'; linking object as if no debug info
wxbase31u.lib(ipcbase.cpp.obj) : warning LNK4099: PDB 'wxbase.pdb' was not found with 'wxbase31u.lib(ipcbase.cpp.obj)' or at 'C:\Users\Jack2bs\source\repos\FanController 2\Release\wxbase.pdb'; linking object as if no debug info
wxbase31u.lib(languageinfo.cpp.obj) : warning LNK4099: PDB 'wxbase.pdb' was not found with 'wxbase31u.lib(languageinfo.cpp.obj)' or at 'C:\Users\Jack2bs\source\repos\FanController 2\Release\wxbase.pdb'; linking object as if no debug info
wxbase31u.lib(list.cpp.obj) : warning LNK4099: PDB 'wxbase.pdb' was not found with 'wxbase31u.lib(list.cpp.obj)' or at 'C:\Users\Jack2bs\source\repos\FanController 2\Release\wxbase.pdb'; linking object as if no debug info
wxbase31u.lib(log.cpp.obj) : warning LNK4099: PDB 'wxbase.pdb' was not found with 'wxbase31u.lib(log.cpp.obj)' or at 'C:\Users\Jack2bs\source\repos\FanController 2\Release\wxbase.pdb'; linking object as if no debug info
wxbase31u.lib(longlong.cpp.obj) : warning LNK4099: PDB 'wxbase.pdb' was not found with 'wxbase31u.lib(longlong.cpp.obj)' or at 'C:\Users\Jack2bs\source\repos\FanController 2\Release\wxbase.pdb'; linking object as if no debug info
wxbase31u.lib(module.cpp.obj) : warning LNK4099: PDB 'wxbase.pdb' was not found with 'wxbase31u.lib(module.cpp.obj)' or at 'C:\Users\Jack2bs\source\repos\FanController 2\Release\wxbase.pdb'; linking object as if no debug info
wxbase31u.lib(mstream.cpp.obj) : warning LNK4099: PDB 'wxbase.pdb' was not found with 'wxbase31u.lib(mstream.cpp.obj)' or at 'C:\Users\Jack2bs\source\repos\FanController 2\Release\wxbase.pdb'; linking object as if no debug info
wxbase31u.lib(object.cpp.obj) : warning LNK4099: PDB 'wxbase.pdb' was not found with 'wxbase31u.lib(object.cpp.obj)' or at 'C:\Users\Jack2bs\source\repos\FanController 2\Release\wxbase.pdb'; linking object as if no debug info
wxbase31u.lib(platinfo.cpp.obj) : warning LNK4099: PDB 'wxbase.pdb' was not found with 'wxbase31u.lib(platinfo.cpp.obj)' or at 'C:\Users\Jack2bs\source\repos\FanController 2\Release\wxbase.pdb'; linking object as if no debug info
wxbase31u.lib(powercmn.cpp.obj) : warning LNK4099: PDB 'wxbase.pdb' was not found with 'wxbase31u.lib(powercmn.cpp.obj)' or at 'C:\Users\Jack2bs\source\repos\FanController 2\Release\wxbase.pdb'; linking object as if no debug info
wxbase31u.lib(process.cpp.obj) : warning LNK4099: PDB 'wxbase.pdb' was not found with 'wxbase31u.lib(process.cpp.obj)' or at 'C:\Users\Jack2bs\source\repos\FanController 2\Release\wxbase.pdb'; linking object as if no debug info
wxbase31u.lib(regex.cpp.obj) : warning LNK4099: PDB 'wxbase.pdb' was not found with 'wxbase31u.lib(regex.cpp.obj)' or at 'C:\Users\Jack2bs\source\repos\FanController 2\Release\wxbase.pdb'; linking object as if no debug info
wxbase31u.lib(stdpbase.cpp.obj) : warning LNK4099: PDB 'wxbase.pdb' was not found with 'wxbase31u.lib(stdpbase.cpp.obj)' or at 'C:\Users\Jack2bs\source\repos\FanController 2\Release\wxbase.pdb'; linking object as if no debug info
wxbase31u.lib(stopwatch.cpp.obj) : warning LNK4099: PDB 'wxbase.pdb' was not found with 'wxbase31u.lib(stopwatch.cpp.obj)' or at 'C:\Users\Jack2bs\source\repos\FanController 2\Release\wxbase.pdb'; linking object as if no debug info
wxbase31u.lib(strconv.cpp.obj) : warning LNK4099: PDB 'wxbase.pdb' was not found with 'wxbase31u.lib(strconv.cpp.obj)' or at 'C:\Users\Jack2bs\source\repos\FanController 2\Release\wxbase.pdb'; linking object as if no debug info
wxbase31u.lib(stream.cpp.obj) : warning LNK4099: PDB 'wxbase.pdb' was not found with 'wxbase31u.lib(stream.cpp.obj)' or at 'C:\Users\Jack2bs\source\repos\FanController 2\Release\wxbase.pdb'; linking object as if no debug info
wxbase31u.lib(string.cpp.obj) : warning LNK4099: PDB 'wxbase.pdb' was not found with 'wxbase31u.lib(string.cpp.obj)' or at 'C:\Users\Jack2bs\source\repos\FanController 2\Release\wxbase.pdb'; linking object as if no debug info
wxbase31u.lib(stringimpl.cpp.obj) : warning LNK4099: PDB 'wxbase.pdb' was not found with 'wxbase31u.lib(stringimpl.cpp.obj)' or at 'C:\Users\Jack2bs\source\repos\FanController 2\Release\wxbase.pdb'; linking object as if no debug info
wxbase31u.lib(stringops.cpp.obj) : warning LNK4099: PDB 'wxbase.pdb' was not found with 'wxbase31u.lib(stringops.cpp.obj)' or at 'C:\Users\Jack2bs\source\repos\FanController 2\Release\wxbase.pdb'; linking object as if no debug info
wxbase31u.lib(strvararg.cpp.obj) : warning LNK4099: PDB 'wxbase.pdb' was not found with 'wxbase31u.lib(strvararg.cpp.obj)' or at 'C:\Users\Jack2bs\source\repos\FanController 2\Release\wxbase.pdb'; linking object as if no debug info
wxbase31u.lib(sysopt.cpp.obj) : warning LNK4099: PDB 'wxbase.pdb' was not found with 'wxbase31u.lib(sysopt.cpp.obj)' or at 'C:\Users\Jack2bs\source\repos\FanController 2\Release\wxbase.pdb'; linking object as if no debug info
wxbase31u.lib(textbuf.cpp.obj) : warning LNK4099: PDB 'wxbase.pdb' was not found with 'wxbase31u.lib(textbuf.cpp.obj)' or at 'C:\Users\Jack2bs\source\repos\FanController 2\Release\wxbase.pdb'; linking object as if no debug info
wxbase31u.lib(textfile.cpp.obj) : warning LNK4099: PDB 'wxbase.pdb' was not found with 'wxbase31u.lib(textfile.cpp.obj)' or at 'C:\Users\Jack2bs\source\repos\FanController 2\Release\wxbase.pdb'; linking object as if no debug info
wxbase31u.lib(threadinfo.cpp.obj) : warning LNK4099: PDB 'wxbase.pdb' was not found with 'wxbase31u.lib(threadinfo.cpp.obj)' or at 'C:\Users\Jack2bs\source\repos\FanController 2\Release\wxbase.pdb'; linking object as if no debug info
wxbase31u.lib(time.cpp.obj) : warning LNK4099: PDB 'wxbase.pdb' was not found with 'wxbase31u.lib(time.cpp.obj)' or at 'C:\Users\Jack2bs\source\repos\FanController 2\Release\wxbase.pdb'; linking object as if no debug info
wxbase31u.lib(timercmn.cpp.obj) : warning LNK4099: PDB 'wxbase.pdb' was not found with 'wxbase31u.lib(timercmn.cpp.obj)' or at 'C:\Users\Jack2bs\source\repos\FanController 2\Release\wxbase.pdb'; linking object as if no debug info
wxbase31u.lib(timerimpl.cpp.obj) : warning LNK4099: PDB 'wxbase.pdb' was not found with 'wxbase31u.lib(timerimpl.cpp.obj)' or at 'C:\Users\Jack2bs\source\repos\FanController 2\Release\wxbase.pdb'; linking object as if no debug info
wxbase31u.lib(tokenzr.cpp.obj) : warning LNK4099: PDB 'wxbase.pdb' was not found with 'wxbase31u.lib(tokenzr.cpp.obj)' or at 'C:\Users\Jack2bs\source\repos\FanController 2\Release\wxbase.pdb'; linking object as if no debug info
wxbase31u.lib(translation.cpp.obj) : warning LNK4099: PDB 'wxbase.pdb' was not found with 'wxbase31u.lib(translation.cpp.obj)' or at 'C:\Users\Jack2bs\source\repos\FanController 2\Release\wxbase.pdb'; linking object as if no debug info
wxbase31u.lib(txtstrm.cpp.obj) : warning LNK4099: PDB 'wxbase.pdb' was not found with 'wxbase31u.lib(txtstrm.cpp.obj)' or at 'C:\Users\Jack2bs\source\repos\FanController 2\Release\wxbase.pdb'; linking object as if no debug info
wxbase31u.lib(unichar.cpp.obj) : warning LNK4099: PDB 'wxbase.pdb' was not found with 'wxbase31u.lib(unichar.cpp.obj)' or at 'C:\Users\Jack2bs\source\repos\FanController 2\Release\wxbase.pdb'; linking object as if no debug info
wxbase31u.lib(uri.cpp.obj) : warning LNK4099: PDB 'wxbase.pdb' was not found with 'wxbase31u.lib(uri.cpp.obj)' or at 'C:\Users\Jack2bs\source\repos\FanController 2\Release\wxbase.pdb'; linking object as if no debug info
wxbase31u.lib(variant.cpp.obj) : warning LNK4099: PDB 'wxbase.pdb' was not found with 'wxbase31u.lib(variant.cpp.obj)' or at 'C:\Users\Jack2bs\source\repos\FanController 2\Release\wxbase.pdb'; linking object as if no debug info
wxbase31u.lib(wfstream.cpp.obj) : warning LNK4099: PDB 'wxbase.pdb' was not found with 'wxbase31u.lib(wfstream.cpp.obj)' or at 'C:\Users\Jack2bs\source\repos\FanController 2\Release\wxbase.pdb'; linking object as if no debug info
wxbase31u.lib(wxcrt.cpp.obj) : warning LNK4099: PDB 'wxbase.pdb' was not found with 'wxbase31u.lib(wxcrt.cpp.obj)' or at 'C:\Users\Jack2bs\source\repos\FanController 2\Release\wxbase.pdb'; linking object as if no debug info
wxbase31u.lib(xlocale.cpp.obj) : warning LNK4099: PDB 'wxbase.pdb' was not found with 'wxbase31u.lib(xlocale.cpp.obj)' or at 'C:\Users\Jack2bs\source\repos\FanController 2\Release\wxbase.pdb'; linking object as if no debug info
wxbase31u.lib(event.cpp.obj) : warning LNK4099: PDB 'wxbase.pdb' was not found with 'wxbase31u.lib(event.cpp.obj)' or at 'C:\Users\Jack2bs\source\repos\FanController 2\Release\wxbase.pdb'; linking object as if no debug info
wxbase31u.lib(msgout.cpp.obj) : warning LNK4099: PDB 'wxbase.pdb' was not found with 'wxbase31u.lib(msgout.cpp.obj)' or at 'C:\Users\Jack2bs\source\repos\FanController 2\Release\wxbase.pdb'; linking object as if no debug info
wxbase31u.lib(utilscmn.cpp.obj) : warning LNK4099: PDB 'wxbase.pdb' was not found with 'wxbase31u.lib(utilscmn.cpp.obj)' or at 'C:\Users\Jack2bs\source\repos\FanController 2\Release\wxbase.pdb'; linking object as if no debug info
wxbase31u.lib(basemsw.cpp.obj) : warning LNK4099: PDB 'wxbase.pdb' was not found with 'wxbase31u.lib(basemsw.cpp.obj)' or at 'C:\Users\Jack2bs\source\repos\FanController 2\Release\wxbase.pdb'; linking object as if no debug info
wxbase31u.lib(crashrpt.cpp.obj) : warning LNK4099: PDB 'wxbase.pdb' was not found with 'wxbase31u.lib(crashrpt.cpp.obj)' or at 'C:\Users\Jack2bs\source\repos\FanController 2\Release\wxbase.pdb'; linking object as if no debug info
wxbase31u.lib(debughlp.cpp.obj) : warning LNK4099: PDB 'wxbase.pdb' was not found with 'wxbase31u.lib(debughlp.cpp.obj)' or at 'C:\Users\Jack2bs\source\repos\FanController 2\Release\wxbase.pdb'; linking object as if no debug info
wxbase31u.lib(dde.cpp.obj) : warning LNK4099: PDB 'wxbase.pdb' was not found with 'wxbase31u.lib(dde.cpp.obj)' or at 'C:\Users\Jack2bs\source\repos\FanController 2\Release\wxbase.pdb'; linking object as if no debug info
wxbase31u.lib(dir.cpp.obj) : warning LNK4099: PDB 'wxbase.pdb' was not found with 'wxbase31u.lib(dir.cpp.obj)' or at 'C:\Users\Jack2bs\source\repos\FanController 2\Release\wxbase.pdb'; linking object as if no debug info
wxbase31u.lib(dlmsw.cpp.obj) : warning LNK4099: PDB 'wxbase.pdb' was not found with 'wxbase31u.lib(dlmsw.cpp.obj)' or at 'C:\Users\Jack2bs\source\repos\FanController 2\Release\wxbase.pdb'; linking object as if no debug info
wxbase31u.lib(evtloopconsole.cpp.obj) : warning LNK4099: PDB 'wxbase.pdb' was not found with 'wxbase31u.lib(evtloopconsole.cpp.obj)' or at 'C:\Users\Jack2bs\source\repos\FanController 2\Release\wxbase.pdb'; linking object as if no debug info
wxbase31u.lib(regconf.cpp.obj) : warning LNK4099: PDB 'wxbase.pdb' was not found with 'wxbase31u.lib(regconf.cpp.obj)' or at 'C:\Users\Jack2bs\source\repos\FanController 2\Release\wxbase.pdb'; linking object as if no debug info
wxbase31u.lib(registry.cpp.obj) : warning LNK4099: PDB 'wxbase.pdb' was not found with 'wxbase31u.lib(registry.cpp.obj)' or at 'C:\Users\Jack2bs\source\repos\FanController 2\Release\wxbase.pdb'; linking object as if no debug info
wxbase31u.lib(stackwalk.cpp.obj) : warning LNK4099: PDB 'wxbase.pdb' was not found with 'wxbase31u.lib(stackwalk.cpp.obj)' or at 'C:\Users\Jack2bs\source\repos\FanController 2\Release\wxbase.pdb'; linking object as if no debug info
wxbase31u.lib(stdpaths.cpp.obj) : warning LNK4099: PDB 'wxbase.pdb' was not found with 'wxbase31u.lib(stdpaths.cpp.obj)' or at 'C:\Users\Jack2bs\source\repos\FanController 2\Release\wxbase.pdb'; linking object as if no debug info
wxbase31u.lib(thread.cpp.obj) : warning LNK4099: PDB 'wxbase.pdb' was not found with 'wxbase31u.lib(thread.cpp.obj)' or at 'C:\Users\Jack2bs\source\repos\FanController 2\Release\wxbase.pdb'; linking object as if no debug info
wxbase31u.lib(timer.cpp.obj) : warning LNK4099: PDB 'wxbase.pdb' was not found with 'wxbase31u.lib(timer.cpp.obj)' or at 'C:\Users\Jack2bs\source\repos\FanController 2\Release\wxbase.pdb'; linking object as if no debug info
wxbase31u.lib(utils.cpp.obj) : warning LNK4099: PDB 'wxbase.pdb' was not found with 'wxbase31u.lib(utils.cpp.obj)' or at 'C:\Users\Jack2bs\source\repos\FanController 2\Release\wxbase.pdb'; linking object as if no debug info
wxbase31u.lib(utilsexc.cpp.obj) : warning LNK4099: PDB 'wxbase.pdb' was not found with 'wxbase31u.lib(utilsexc.cpp.obj)' or at 'C:\Users\Jack2bs\source\repos\FanController 2\Release\wxbase.pdb'; linking object as if no debug info
wxbase31u.lib(main.cpp.obj) : warning LNK4099: PDB 'wxbase.pdb' was not found with 'wxbase31u.lib(main.cpp.obj)' or at 'C:\Users\Jack2bs\source\repos\FanController 2\Release\wxbase.pdb'; linking object as if no debug info
wxbase31u.lib(volume.cpp.obj) : warning LNK4099: PDB 'wxbase.pdb' was not found with 'wxbase31u.lib(volume.cpp.obj)' or at 'C:\Users\Jack2bs\source\repos\FanController 2\Release\wxbase.pdb'; linking object as if no debug info
wxmsw31u_core.lib(accelcmn.cpp.obj) : warning LNK4099: PDB 'wxcore.pdb' was not found with 'wxmsw31u_core.lib(accelcmn.cpp.obj)' or at 'C:\Users\Jack2bs\source\repos\FanController 2\Release\wxcore.pdb'; linking object as if no debug info
wxmsw31u_core.lib(anidecod.cpp.obj) : warning LNK4099: PDB 'wxcore.pdb' was not found with 'wxmsw31u_core.lib(anidecod.cpp.obj)' or at 'C:\Users\Jack2bs\source\repos\FanController 2\Release\wxcore.pdb'; linking object as if no debug info
wxmsw31u_core.lib(affinematrix2d.cpp.obj) : warning LNK4099: PDB 'wxcore.pdb' was not found with 'wxmsw31u_core.lib(affinematrix2d.cpp.obj)' or at 'C:\Users\Jack2bs\source\repos\FanController 2\Release\wxcore.pdb'; linking object as if no debug info
wxmsw31u_core.lib(appcmn.cpp.obj) : warning LNK4099: PDB 'wxcore.pdb' was not found with 'wxmsw31u_core.lib(appcmn.cpp.obj)' or at 'C:\Users\Jack2bs\source\repos\FanController 2\Release\wxcore.pdb'; linking object as if no debug info
wxmsw31u_core.lib(artprov.cpp.obj) : warning LNK4099: PDB 'wxcore.pdb' was not found with 'wxmsw31u_core.lib(artprov.cpp.obj)' or at 'C:\Users\Jack2bs\source\repos\FanController 2\Release\wxcore.pdb'; linking object as if no debug info
wxmsw31u_core.lib(artstd.cpp.obj) : warning LNK4099: PDB 'wxcore.pdb' was not found with 'wxmsw31u_core.lib(artstd.cpp.obj)' or at 'C:\Users\Jack2bs\source\repos\FanController 2\Release\wxcore.pdb'; linking object as if no debug info
wxmsw31u_core.lib(arttango.cpp.obj) : warning LNK4099: PDB 'wxcore.pdb' was not found with 'wxmsw31u_core.lib(arttango.cpp.obj)' or at 'C:\Users\Jack2bs\source\repos\FanController 2\Release\wxcore.pdb'; linking object as if no debug info
wxmsw31u_core.lib(bmpbase.cpp.obj) : warning LNK4099: PDB 'wxcore.pdb' was not found with 'wxmsw31u_core.lib(bmpbase.cpp.obj)' or at 'C:\Users\Jack2bs\source\repos\FanController 2\Release\wxcore.pdb'; linking object as if no debug info
wxmsw31u_core.lib(bmpbtncmn.cpp.obj) : warning LNK4099: PDB 'wxcore.pdb' was not found with 'wxmsw31u_core.lib(bmpbtncmn.cpp.obj)' or at 'C:\Users\Jack2bs\source\repos\FanController 2\Release\wxcore.pdb'; linking object as if no debug info
wxmsw31u_core.lib(bookctrl.cpp.obj) : warning LNK4099: PDB 'wxcore.pdb' was not found with 'wxmsw31u_core.lib(bookctrl.cpp.obj)' or at 'C:\Users\Jack2bs\source\repos\FanController 2\Release\wxcore.pdb'; linking object as if no debug info
wxmsw31u_core.lib(btncmn.cpp.obj) : warning LNK4099: PDB 'wxcore.pdb' was not found with 'wxmsw31u_core.lib(btncmn.cpp.obj)' or at 'C:\Users\Jack2bs\source\repos\FanController 2\Release\wxcore.pdb'; linking object as if no debug info
wxmsw31u_core.lib(checkboxcmn.cpp.obj) : warning LNK4099: PDB 'wxcore.pdb' was not found with 'wxmsw31u_core.lib(checkboxcmn.cpp.obj)' or at 'C:\Users\Jack2bs\source\repos\FanController 2\Release\wxcore.pdb'; linking object as if no debug info
wxmsw31u_core.lib(checklstcmn.cpp.obj) : warning LNK4099: PDB 'wxcore.pdb' was not found with 'wxmsw31u_core.lib(checklstcmn.cpp.obj)' or at 'C:\Users\Jack2bs\source\repos\FanController 2\Release\wxcore.pdb'; linking object as if no debug info
wxmsw31u_core.lib(choiccmn.cpp.obj) : warning LNK4099: PDB 'wxcore.pdb' was not found with 'wxmsw31u_core.lib(choiccmn.cpp.obj)' or at 'C:\Users\Jack2bs\source\repos\FanController 2\Release\wxcore.pdb'; linking object as if no debug info
wxmsw31u_core.lib(clipcmn.cpp.obj) : warning LNK4099: PDB 'wxcore.pdb' was not found with 'wxmsw31u_core.lib(clipcmn.cpp.obj)' or at 'C:\Users\Jack2bs\source\repos\FanController 2\Release\wxcore.pdb'; linking object as if no debug info
wxmsw31u_core.lib(colourcmn.cpp.obj) : warning LNK4099: PDB 'wxcore.pdb' was not found with 'wxmsw31u_core.lib(colourcmn.cpp.obj)' or at 'C:\Users\Jack2bs\source\repos\FanController 2\Release\wxcore.pdb'; linking object as if no debug info
wxmsw31u_core.lib(combocmn.cpp.obj) : warning LNK4099: PDB 'wxcore.pdb' was not found with 'wxmsw31u_core.lib(combocmn.cpp.obj)' or at 'C:\Users\Jack2bs\source\repos\FanController 2\Release\wxcore.pdb'; linking object as if no debug info
wxmsw31u_core.lib(cmndata.cpp.obj) : warning LNK4099: PDB 'wxcore.pdb' was not found with 'wxmsw31u_core.lib(cmndata.cpp.obj)' or at 'C:\Users\Jack2bs\source\repos\FanController 2\Release\wxcore.pdb'; linking object as if no debug info
wxmsw31u_core.lib(containr.cpp.obj) : warning LNK4099: PDB 'wxcore.pdb' was not found with 'wxmsw31u_core.lib(containr.cpp.obj)' or at 'C:\Users\Jack2bs\source\repos\FanController 2\Release\wxcore.pdb'; linking object as if no debug info
wxmsw31u_core.lib(cshelp.cpp.obj) : warning LNK4099: PDB 'wxcore.pdb' was not found with 'wxmsw31u_core.lib(cshelp.cpp.obj)' or at 'C:\Users\Jack2bs\source\repos\FanController 2\Release\wxcore.pdb'; linking object as if no debug info
wxmsw31u_core.lib(ctrlcmn.cpp.obj) : warning LNK4099: PDB 'wxcore.pdb' was not found with 'wxmsw31u_core.lib(ctrlcmn.cpp.obj)' or at 'C:\Users\Jack2bs\source\repos\FanController 2\Release\wxcore.pdb'; linking object as if no debug info
wxmsw31u_core.lib(ctrlsub.cpp.obj) : warning LNK4099: PDB 'wxcore.pdb' was not found with 'wxmsw31u_core.lib(ctrlsub.cpp.obj)' or at 'C:\Users\Jack2bs\source\repos\FanController 2\Release\wxcore.pdb'; linking object as if no debug info
wxmsw31u_core.lib(dcbase.cpp.obj) : warning LNK4099: PDB 'wxcore.pdb' was not found with 'wxmsw31u_core.lib(dcbase.cpp.obj)' or at 'C:\Users\Jack2bs\source\repos\FanController 2\Release\wxcore.pdb'; linking object as if no debug info
wxmsw31u_core.lib(dcbufcmn.cpp.obj) : warning LNK4099: PDB 'wxcore.pdb' was not found with 'wxmsw31u_core.lib(dcbufcmn.cpp.obj)' or at 'C:\Users\Jack2bs\source\repos\FanController 2\Release\wxcore.pdb'; linking object as if no debug info
wxmsw31u_core.lib(dlgcmn.cpp.obj) : warning LNK4099: PDB 'wxcore.pdb' was not found with 'wxmsw31u_core.lib(dlgcmn.cpp.obj)' or at 'C:\Users\Jack2bs\source\repos\FanController 2\Release\wxcore.pdb'; linking object as if no debug info
wxmsw31u_core.lib(dndcmn.cpp.obj) : warning LNK4099: PDB 'wxcore.pdb' was not found with 'wxmsw31u_core.lib(dndcmn.cpp.obj)' or at 'C:\Users\Jack2bs\source\repos\FanController 2\Release\wxcore.pdb'; linking object as if no debug info
wxmsw31u_core.lib(dobjcmn.cpp.obj) : warning LNK4099: PDB 'wxcore.pdb' was not found with 'wxmsw31u_core.lib(dobjcmn.cpp.obj)' or at 'C:\Users\Jack2bs\source\repos\FanController 2\Release\wxcore.pdb'; linking object as if no debug info
wxmsw31u_core.lib(dpycmn.cpp.obj) : warning LNK4099: PDB 'wxcore.pdb' was not found with 'wxmsw31u_core.lib(dpycmn.cpp.obj)' or at 'C:\Users\Jack2bs\source\repos\FanController 2\Release\wxcore.pdb'; linking object as if no debug info
wxmsw31u_core.lib(fldlgcmn.cpp.obj) : warning LNK4099: PDB 'wxcore.pdb' was not found with 'wxmsw31u_core.lib(fldlgcmn.cpp.obj)' or at 'C:\Users\Jack2bs\source\repos\FanController 2\Release\wxcore.pdb'; linking object as if no debug info
wxmsw31u_core.lib(fontcmn.cpp.obj) : warning LNK4099: PDB 'wxcore.pdb' was not found with 'wxmsw31u_core.lib(fontcmn.cpp.obj)' or at 'C:\Users\Jack2bs\source\repos\FanController 2\Release\wxcore.pdb'; linking object as if no debug info
wxmsw31u_core.lib(fontdata.cpp.obj) : warning LNK4099: PDB 'wxcore.pdb' was not found with 'wxmsw31u_core.lib(fontdata.cpp.obj)' or at 'C:\Users\Jack2bs\source\repos\FanController 2\Release\wxcore.pdb'; linking object as if no debug info
wxmsw31u_core.lib(fontenumcmn.cpp.obj) : warning LNK4099: PDB 'wxcore.pdb' was not found with 'wxmsw31u_core.lib(fontenumcmn.cpp.obj)' or at 'C:\Users\Jack2bs\source\repos\FanController 2\Release\wxcore.pdb'; linking object as if no debug info
wxmsw31u_core.lib(fontmap.cpp.obj) : warning LNK4099: PDB 'wxcore.pdb' was not found with 'wxmsw31u_core.lib(fontmap.cpp.obj)' or at 'C:\Users\Jack2bs\source\repos\FanController 2\Release\wxcore.pdb'; linking object as if no debug info
wxmsw31u_core.lib(framecmn.cpp.obj) : warning LNK4099: PDB 'wxcore.pdb' was not found with 'wxmsw31u_core.lib(framecmn.cpp.obj)' or at 'C:\Users\Jack2bs\source\repos\FanController 2\Release\wxcore.pdb'; linking object as if no debug info
wxmsw31u_core.lib(gdicmn.cpp.obj) : warning LNK4099: PDB 'wxcore.pdb' was not found with 'wxmsw31u_core.lib(gdicmn.cpp.obj)' or at 'C:\Users\Jack2bs\source\repos\FanController 2\Release\wxcore.pdb'; linking object as if no debug info
wxmsw31u_core.lib(geometry.cpp.obj) : warning LNK4099: PDB 'wxcore.pdb' was not found with 'wxmsw31u_core.lib(geometry.cpp.obj)' or at 'C:\Users\Jack2bs\source\repos\FanController 2\Release\wxcore.pdb'; linking object as if no debug info
wxmsw31u_core.lib(graphcmn.cpp.obj) : warning LNK4099: PDB 'wxcore.pdb' was not found with 'wxmsw31u_core.lib(graphcmn.cpp.obj)' or at 'C:\Users\Jack2bs\source\repos\FanController 2\Release\wxcore.pdb'; linking object as if no debug info
wxmsw31u_core.lib(helpbase.cpp.obj) : warning LNK4099: PDB 'wxcore.pdb' was not found with 'wxmsw31u_core.lib(helpbase.cpp.obj)' or at 'C:\Users\Jack2bs\source\repos\FanController 2\Release\wxcore.pdb'; linking object as if no debug info
wxmsw31u_core.lib(iconbndl.cpp.obj) : warning LNK4099: PDB 'wxcore.pdb' was not found with 'wxmsw31u_core.lib(iconbndl.cpp.obj)' or at 'C:\Users\Jack2bs\source\repos\FanController 2\Release\wxcore.pdb'; linking object as if no debug info
wxmsw31u_core.lib(imagbmp.cpp.obj) : warning LNK4099: PDB 'wxcore.pdb' was not found with 'wxmsw31u_core.lib(imagbmp.cpp.obj)' or at 'C:\Users\Jack2bs\source\repos\FanController 2\Release\wxcore.pdb'; linking object as if no debug info
wxmsw31u_core.lib(image.cpp.obj) : warning LNK4099: PDB 'wxcore.pdb' was not found with 'wxmsw31u_core.lib(image.cpp.obj)' or at 'C:\Users\Jack2bs\source\repos\FanController 2\Release\wxcore.pdb'; linking object as if no debug info
wxmsw31u_core.lib(imagpng.cpp.obj) : warning LNK4099: PDB 'wxcore.pdb' was not found with 'wxmsw31u_core.lib(imagpng.cpp.obj)' or at 'C:\Users\Jack2bs\source\repos\FanController 2\Release\wxcore.pdb'; linking object as if no debug info
wxmsw31u_core.lib(layout.cpp.obj) : warning LNK4099: PDB 'wxcore.pdb' was not found with 'wxmsw31u_core.lib(layout.cpp.obj)' or at 'C:\Users\Jack2bs\source\repos\FanController 2\Release\wxcore.pdb'; linking object as if no debug info
wxmsw31u_core.lib(lboxcmn.cpp.obj) : warning LNK4099: PDB 'wxcore.pdb' was not found with 'wxmsw31u_core.lib(lboxcmn.cpp.obj)' or at 'C:\Users\Jack2bs\source\repos\FanController 2\Release\wxcore.pdb'; linking object as if no debug info
wxmsw31u_core.lib(listctrlcmn.cpp.obj) : warning LNK4099: PDB 'wxcore.pdb' was not found with 'wxmsw31u_core.lib(listctrlcmn.cpp.obj)' or at 'C:\Users\Jack2bs\source\repos\FanController 2\Release\wxcore.pdb'; linking object as if no debug info
wxmsw31u_core.lib(markupparser.cpp.obj) : warning LNK4099: PDB 'wxcore.pdb' was not found with 'wxmsw31u_core.lib(markupparser.cpp.obj)' or at 'C:\Users\Jack2bs\source\repos\FanController 2\Release\wxcore.pdb'; linking object as if no debug info
wxmsw31u_core.lib(menucmn.cpp.obj) : warning LNK4099: PDB 'wxcore.pdb' was not found with 'wxmsw31u_core.lib(menucmn.cpp.obj)' or at 'C:\Users\Jack2bs\source\repos\FanController 2\Release\wxcore.pdb'; linking object as if no debug info
wxmsw31u_core.lib(modalhook.cpp.obj) : warning LNK4099: PDB 'wxcore.pdb' was not found with 'wxmsw31u_core.lib(modalhook.cpp.obj)' or at 'C:\Users\Jack2bs\source\repos\FanController 2\Release\wxcore.pdb'; linking object as if no debug info
wxmsw31u_core.lib(nbkbase.cpp.obj) : warning LNK4099: PDB 'wxcore.pdb' was not found with 'wxmsw31u_core.lib(nbkbase.cpp.obj)' or at 'C:\Users\Jack2bs\source\repos\FanController 2\Release\wxcore.pdb'; linking object as if no debug info
wxmsw31u_core.lib(ownerdrwcmn.cpp.obj) : warning LNK4099: PDB 'wxcore.pdb' was not found with 'wxmsw31u_core.lib(ownerdrwcmn.cpp.obj)' or at 'C:\Users\Jack2bs\source\repos\FanController 2\Release\wxcore.pdb'; linking object as if no debug info
wxmsw31u_core.lib(paper.cpp.obj) : warning LNK4099: PDB 'wxcore.pdb' was not found with 'wxmsw31u_core.lib(paper.cpp.obj)' or at 'C:\Users\Jack2bs\source\repos\FanController 2\Release\wxcore.pdb'; linking object as if no debug info
wxmsw31u_core.lib(panelcmn.cpp.obj) : warning LNK4099: PDB 'wxcore.pdb' was not found with 'wxmsw31u_core.lib(panelcmn.cpp.obj)' or at 'C:\Users\Jack2bs\source\repos\FanController 2\Release\wxcore.pdb'; linking object as if no debug info
wxmsw31u_core.lib(popupcmn.cpp.obj) : warning LNK4099: PDB 'wxcore.pdb' was not found with 'wxmsw31u_core.lib(popupcmn.cpp.obj)' or at 'C:\Users\Jack2bs\source\repos\FanController 2\Release\wxcore.pdb'; linking object as if no debug info
wxmsw31u_core.lib(prntbase.cpp.obj) : warning LNK4099: PDB 'wxcore.pdb' was not found with 'wxmsw31u_core.lib(prntbase.cpp.obj)' or at 'C:\Users\Jack2bs\source\repos\FanController 2\Release\wxcore.pdb'; linking object as if no debug info
wxmsw31u_core.lib(quantize.cpp.obj) : warning LNK4099: PDB 'wxcore.pdb' was not found with 'wxmsw31u_core.lib(quantize.cpp.obj)' or at 'C:\Users\Jack2bs\source\repos\FanController 2\Release\wxcore.pdb'; linking object as if no debug info
wxmsw31u_core.lib(radiobtncmn.cpp.obj) : warning LNK4099: PDB 'wxcore.pdb' was not found with 'wxmsw31u_core.lib(radiobtncmn.cpp.obj)' or at 'C:\Users\Jack2bs\source\repos\FanController 2\Release\wxcore.pdb'; linking object as if no debug info
wxmsw31u_core.lib(radiocmn.cpp.obj) : warning LNK4099: PDB 'wxcore.pdb' was not found with 'wxmsw31u_core.lib(radiocmn.cpp.obj)' or at 'C:\Users\Jack2bs\source\repos\FanController 2\Release\wxcore.pdb'; linking object as if no debug info
wxmsw31u_core.lib(rendcmn.cpp.obj) : warning LNK4099: PDB 'wxcore.pdb' was not found with 'wxmsw31u_core.lib(rendcmn.cpp.obj)' or at 'C:\Users\Jack2bs\source\repos\FanController 2\Release\wxcore.pdb'; linking object as if no debug info
wxmsw31u_core.lib(rgncmn.cpp.obj) : warning LNK4099: PDB 'wxcore.pdb' was not found with 'wxmsw31u_core.lib(rgncmn.cpp.obj)' or at 'C:\Users\Jack2bs\source\repos\FanController 2\Release\wxcore.pdb'; linking object as if no debug info
wxmsw31u_core.lib(scrolbarcmn.cpp.obj) : warning LNK4099: PDB 'wxcore.pdb' was not found with 'wxmsw31u_core.lib(scrolbarcmn.cpp.obj)' or at 'C:\Users\Jack2bs\source\repos\FanController 2\Release\wxcore.pdb'; linking object as if no debug info
wxmsw31u_core.lib(settcmn.cpp.obj) : warning LNK4099: PDB 'wxcore.pdb' was not found with 'wxmsw31u_core.lib(settcmn.cpp.obj)' or at 'C:\Users\Jack2bs\source\repos\FanController 2\Release\wxcore.pdb'; linking object as if no debug info
wxmsw31u_core.lib(sizer.cpp.obj) : warning LNK4099: PDB 'wxcore.pdb' was not found with 'wxmsw31u_core.lib(sizer.cpp.obj)' or at 'C:\Users\Jack2bs\source\repos\FanController 2\Release\wxcore.pdb'; linking object as if no debug info
wxmsw31u_core.lib(slidercmn.cpp.obj) : warning LNK4099: PDB 'wxcore.pdb' was not found with 'wxmsw31u_core.lib(slidercmn.cpp.obj)' or at 'C:\Users\Jack2bs\source\repos\FanController 2\Release\wxcore.pdb'; linking object as if no debug info
wxmsw31u_core.lib(spinbtncmn.cpp.obj) : warning LNK4099: PDB 'wxcore.pdb' was not found with 'wxmsw31u_core.lib(spinbtncmn.cpp.obj)' or at 'C:\Users\Jack2bs\source\repos\FanController 2\Release\wxcore.pdb'; linking object as if no debug info
wxmsw31u_core.lib(spinctrlcmn.cpp.obj) : warning LNK4099: PDB 'wxcore.pdb' was not found with 'wxmsw31u_core.lib(spinctrlcmn.cpp.obj)' or at 'C:\Users\Jack2bs\source\repos\FanController 2\Release\wxcore.pdb'; linking object as if no debug info
wxmsw31u_core.lib(statbar.cpp.obj) : warning LNK4099: PDB 'wxcore.pdb' was not found with 'wxmsw31u_core.lib(statbar.cpp.obj)' or at 'C:\Users\Jack2bs\source\repos\FanController 2\Release\wxcore.pdb'; linking object as if no debug info
wxmsw31u_core.lib(statbmpcmn.cpp.obj) : warning LNK4099: PDB 'wxcore.pdb' was not found with 'wxmsw31u_core.lib(statbmpcmn.cpp.obj)' or at 'C:\Users\Jack2bs\source\repos\FanController 2\Release\wxcore.pdb'; linking object as if no debug info
wxmsw31u_core.lib(statboxcmn.cpp.obj) : warning LNK4099: PDB 'wxcore.pdb' was not found with 'wxmsw31u_core.lib(statboxcmn.cpp.obj)' or at 'C:\Users\Jack2bs\source\repos\FanController 2\Release\wxcore.pdb'; linking object as if no debug info
wxmsw31u_core.lib(statlinecmn.cpp.obj) : warning LNK4099: PDB 'wxcore.pdb' was not found with 'wxmsw31u_core.lib(statlinecmn.cpp.obj)' or at 'C:\Users\Jack2bs\source\repos\FanController 2\Release\wxcore.pdb'; linking object as if no debug info
wxmsw31u_core.lib(stattextcmn.cpp.obj) : warning LNK4099: PDB 'wxcore.pdb' was not found with 'wxmsw31u_core.lib(stattextcmn.cpp.obj)' or at 'C:\Users\Jack2bs\source\repos\FanController 2\Release\wxcore.pdb'; linking object as if no debug info
wxmsw31u_core.lib(stockitem.cpp.obj) : warning LNK4099: PDB 'wxcore.pdb' was not found with 'wxmsw31u_core.lib(stockitem.cpp.obj)' or at 'C:\Users\Jack2bs\source\repos\FanController 2\Release\wxcore.pdb'; linking object as if no debug info
wxmsw31u_core.lib(tbarbase.cpp.obj) : warning LNK4099: PDB 'wxcore.pdb' was not found with 'wxmsw31u_core.lib(tbarbase.cpp.obj)' or at 'C:\Users\Jack2bs\source\repos\FanController 2\Release\wxcore.pdb'; linking object as if no debug info
wxmsw31u_core.lib(textcmn.cpp.obj) : warning LNK4099: PDB 'wxcore.pdb' was not found with 'wxmsw31u_core.lib(textcmn.cpp.obj)' or at 'C:\Users\Jack2bs\source\repos\FanController 2\Release\wxcore.pdb'; linking object as if no debug info
wxmsw31u_core.lib(textentrycmn.cpp.obj) : warning LNK4099: PDB 'wxcore.pdb' was not found with 'wxmsw31u_core.lib(textentrycmn.cpp.obj)' or at 'C:\Users\Jack2bs\source\repos\FanController 2\Release\wxcore.pdb'; linking object as if no debug info
wxmsw31u_core.lib(textmeasurecmn.cpp.obj) : warning LNK4099: PDB 'wxcore.pdb' was not found with 'wxmsw31u_core.lib(textmeasurecmn.cpp.obj)' or at 'C:\Users\Jack2bs\source\repos\FanController 2\Release\wxcore.pdb'; linking object as if no debug info
wxmsw31u_core.lib(toplvcmn.cpp.obj) : warning LNK4099: PDB 'wxcore.pdb' was not found with 'wxmsw31u_core.lib(toplvcmn.cpp.obj)' or at 'C:\Users\Jack2bs\source\repos\FanController 2\Release\wxcore.pdb'; linking object as if no debug info
wxmsw31u_core.lib(validate.cpp.obj) : warning LNK4099: PDB 'wxcore.pdb' was not found with 'wxmsw31u_core.lib(validate.cpp.obj)' or at 'C:\Users\Jack2bs\source\repos\FanController 2\Release\wxcore.pdb'; linking object as if no debug info
wxmsw31u_core.lib(valtext.cpp.obj) : warning LNK4099: PDB 'wxcore.pdb' was not found with 'wxmsw31u_core.lib(valtext.cpp.obj)' or at 'C:\Users\Jack2bs\source\repos\FanController 2\Release\wxcore.pdb'; linking object as if no debug info
wxmsw31u_core.lib(wincmn.cpp.obj) : warning LNK4099: PDB 'wxcore.pdb' was not found with 'wxmsw31u_core.lib(wincmn.cpp.obj)' or at 'C:\Users\Jack2bs\source\repos\FanController 2\Release\wxcore.pdb'; linking object as if no debug info
wxmsw31u_core.lib(windowid.cpp.obj) : warning LNK4099: PDB 'wxcore.pdb' was not found with 'wxmsw31u_core.lib(windowid.cpp.obj)' or at 'C:\Users\Jack2bs\source\repos\FanController 2\Release\wxcore.pdb'; linking object as if no debug info
wxmsw31u_core.lib(xpmdecod.cpp.obj) : warning LNK4099: PDB 'wxcore.pdb' was not found with 'wxmsw31u_core.lib(xpmdecod.cpp.obj)' or at 'C:\Users\Jack2bs\source\repos\FanController 2\Release\wxcore.pdb'; linking object as if no debug info
wxmsw31u_core.lib(choicdgg.cpp.obj) : warning LNK4099: PDB 'wxcore.pdb' was not found with 'wxmsw31u_core.lib(choicdgg.cpp.obj)' or at 'C:\Users\Jack2bs\source\repos\FanController 2\Release\wxcore.pdb'; linking object as if no debug info
wxmsw31u_core.lib(collheaderctrlg.cpp.obj) : warning LNK4099: PDB 'wxcore.pdb' was not found with 'wxmsw31u_core.lib(collheaderctrlg.cpp.obj)' or at 'C:\Users\Jack2bs\source\repos\FanController 2\Release\wxcore.pdb'; linking object as if no debug info
wxmsw31u_core.lib(logg.cpp.obj) : warning LNK4099: PDB 'wxcore.pdb' was not found with 'wxmsw31u_core.lib(logg.cpp.obj)' or at 'C:\Users\Jack2bs\source\repos\FanController 2\Release\wxcore.pdb'; linking object as if no debug info
wxmsw31u_core.lib(markuptext.cpp.obj) : warning LNK4099: PDB 'wxcore.pdb' was not found with 'wxmsw31u_core.lib(markuptext.cpp.obj)' or at 'C:\Users\Jack2bs\source\repos\FanController 2\Release\wxcore.pdb'; linking object as if no debug info
wxmsw31u_core.lib(msgdlgg.cpp.obj) : warning LNK4099: PDB 'wxcore.pdb' was not found with 'wxmsw31u_core.lib(msgdlgg.cpp.obj)' or at 'C:\Users\Jack2bs\source\repos\FanController 2\Release\wxcore.pdb'; linking object as if no debug info
wxmsw31u_core.lib(renderg.cpp.obj) : warning LNK4099: PDB 'wxcore.pdb' was not found with 'wxmsw31u_core.lib(renderg.cpp.obj)' or at 'C:\Users\Jack2bs\source\repos\FanController 2\Release\wxcore.pdb'; linking object as if no debug info
wxmsw31u_core.lib(richmsgdlgg.cpp.obj) : warning LNK4099: PDB 'wxcore.pdb' was not found with 'wxmsw31u_core.lib(richmsgdlgg.cpp.obj)' or at 'C:\Users\Jack2bs\source\repos\FanController 2\Release\wxcore.pdb'; linking object as if no debug info
wxmsw31u_core.lib(scrlwing.cpp.obj) : warning LNK4099: PDB 'wxcore.pdb' was not found with 'wxmsw31u_core.lib(scrlwing.cpp.obj)' or at 'C:\Users\Jack2bs\source\repos\FanController 2\Release\wxcore.pdb'; linking object as if no debug info
wxmsw31u_core.lib(textdlgg.cpp.obj) : warning LNK4099: PDB 'wxcore.pdb' was not found with 'wxmsw31u_core.lib(textdlgg.cpp.obj)' or at 'C:\Users\Jack2bs\source\repos\FanController 2\Release\wxcore.pdb'; linking object as if no debug info
wxmsw31u_core.lib(tipwin.cpp.obj) : warning LNK4099: PDB 'wxcore.pdb' was not found with 'wxmsw31u_core.lib(tipwin.cpp.obj)' or at 'C:\Users\Jack2bs\source\repos\FanController 2\Release\wxcore.pdb'; linking object as if no debug info
wxmsw31u_core.lib(splash.cpp.obj) : warning LNK4099: PDB 'wxcore.pdb' was not found with 'wxmsw31u_core.lib(splash.cpp.obj)' or at 'C:\Users\Jack2bs\source\repos\FanController 2\Release\wxcore.pdb'; linking object as if no debug info
wxmsw31u_core.lib(event.cpp.obj) : warning LNK4099: PDB 'wxcore.pdb' was not found with 'wxmsw31u_core.lib(event.cpp.obj)' or at 'C:\Users\Jack2bs\source\repos\FanController 2\Release\wxcore.pdb'; linking object as if no debug info
wxmsw31u_core.lib(utilscmn.cpp.obj) : warning LNK4099: PDB 'wxcore.pdb' was not found with 'wxmsw31u_core.lib(utilscmn.cpp.obj)' or at 'C:\Users\Jack2bs\source\repos\FanController 2\Release\wxcore.pdb'; linking object as if no debug info
wxmsw31u_core.lib(main.cpp.obj) : warning LNK4099: PDB 'wxcore.pdb' was not found with 'wxmsw31u_core.lib(main.cpp.obj)' or at 'C:\Users\Jack2bs\source\repos\FanController 2\Release\wxcore.pdb'; linking object as if no debug info
wxmsw31u_core.lib(volume.cpp.obj) : warning LNK4099: PDB 'wxcore.pdb' was not found with 'wxmsw31u_core.lib(volume.cpp.obj)' or at 'C:\Users\Jack2bs\source\repos\FanController 2\Release\wxcore.pdb'; linking object as if no debug info
wxmsw31u_core.lib(app.cpp.obj) : warning LNK4099: PDB 'wxcore.pdb' was not found with 'wxmsw31u_core.lib(app.cpp.obj)' or at 'C:\Users\Jack2bs\source\repos\FanController 2\Release\wxcore.pdb'; linking object as if no debug info
wxmsw31u_core.lib(bitmap.cpp.obj) : warning LNK4099: PDB 'wxcore.pdb' was not found with 'wxmsw31u_core.lib(bitmap.cpp.obj)' or at 'C:\Users\Jack2bs\source\repos\FanController 2\Release\wxcore.pdb'; linking object as if no debug info
wxmsw31u_core.lib(brush.cpp.obj) : warning LNK4099: PDB 'wxcore.pdb' was not found with 'wxmsw31u_core.lib(brush.cpp.obj)' or at 'C:\Users\Jack2bs\source\repos\FanController 2\Release\wxcore.pdb'; linking object as if no debug info
wxmsw31u_core.lib(clipbrd.cpp.obj) : warning LNK4099: PDB 'wxcore.pdb' was not found with 'wxmsw31u_core.lib(clipbrd.cpp.obj)' or at 'C:\Users\Jack2bs\source\repos\FanController 2\Release\wxcore.pdb'; linking object as if no debug info
wxmsw31u_core.lib(colour.cpp.obj) : warning LNK4099: PDB 'wxcore.pdb' was not found with 'wxmsw31u_core.lib(colour.cpp.obj)' or at 'C:\Users\Jack2bs\source\repos\FanController 2\Release\wxcore.pdb'; linking object as if no debug info
wxmsw31u_core.lib(cursor.cpp.obj) : warning LNK4099: PDB 'wxcore.pdb' was not found with 'wxmsw31u_core.lib(cursor.cpp.obj)' or at 'C:\Users\Jack2bs\source\repos\FanController 2\Release\wxcore.pdb'; linking object as if no debug info
wxmsw31u_core.lib(dc.cpp.obj) : warning LNK4099: PDB 'wxcore.pdb' was not found with 'wxmsw31u_core.lib(dc.cpp.obj)' or at 'C:\Users\Jack2bs\source\repos\FanController 2\Release\wxcore.pdb'; linking object as if no debug info
wxmsw31u_core.lib(dcclient.cpp.obj) : warning LNK4099: PDB 'wxcore.pdb' was not found with 'wxmsw31u_core.lib(dcclient.cpp.obj)' or at 'C:\Users\Jack2bs\source\repos\FanController 2\Release\wxcore.pdb'; linking object as if no debug info
wxmsw31u_core.lib(dcmemory.cpp.obj) : warning LNK4099: PDB 'wxcore.pdb' was not found with 'wxmsw31u_core.lib(dcmemory.cpp.obj)' or at 'C:\Users\Jack2bs\source\repos\FanController 2\Release\wxcore.pdb'; linking object as if no debug info
wxmsw31u_core.lib(dcprint.cpp.obj) : warning LNK4099: PDB 'wxcore.pdb' was not found with 'wxmsw31u_core.lib(dcprint.cpp.obj)' or at 'C:\Users\Jack2bs\source\repos\FanController 2\Release\wxcore.pdb'; linking object as if no debug info
wxmsw31u_core.lib(dcscreen.cpp.obj) : warning LNK4099: PDB 'wxcore.pdb' was not found with 'wxmsw31u_core.lib(dcscreen.cpp.obj)' or at 'C:\Users\Jack2bs\source\repos\FanController 2\Release\wxcore.pdb'; linking object as if no debug info
wxmsw31u_core.lib(dib.cpp.obj) : warning LNK4099: PDB 'wxcore.pdb' was not found with 'wxmsw31u_core.lib(dib.cpp.obj)' or at 'C:\Users\Jack2bs\source\repos\FanController 2\Release\wxcore.pdb'; linking object as if no debug info
wxmsw31u_core.lib(display.cpp.obj) : warning LNK4099: PDB 'wxcore.pdb' was not found with 'wxmsw31u_core.lib(display.cpp.obj)' or at 'C:\Users\Jack2bs\source\repos\FanController 2\Release\wxcore.pdb'; linking object as if no debug info
wxmsw31u_core.lib(enhmeta.cpp.obj) : warning LNK4099: PDB 'wxcore.pdb' was not found with 'wxmsw31u_core.lib(enhmeta.cpp.obj)' or at 'C:\Users\Jack2bs\source\repos\FanController 2\Release\wxcore.pdb'; linking object as if no debug info
wxmsw31u_core.lib(font.cpp.obj) : warning LNK4099: PDB 'wxcore.pdb' was not found with 'wxmsw31u_core.lib(font.cpp.obj)' or at 'C:\Users\Jack2bs\source\repos\FanController 2\Release\wxcore.pdb'; linking object as if no debug info
wxmsw31u_core.lib(fontenum.cpp.obj) : warning LNK4099: PDB 'wxcore.pdb' was not found with 'wxmsw31u_core.lib(fontenum.cpp.obj)' or at 'C:\Users\Jack2bs\source\repos\FanController 2\Release\wxcore.pdb'; linking object as if no debug info
wxmsw31u_core.lib(fontutil.cpp.obj) : warning LNK4099: PDB 'wxcore.pdb' was not found with 'wxmsw31u_core.lib(fontutil.cpp.obj)' or at 'C:\Users\Jack2bs\source\repos\FanController 2\Release\wxcore.pdb'; linking object as if no debug info
wxmsw31u_core.lib(gdiimage.cpp.obj) : warning LNK4099: PDB 'wxcore.pdb' was not found with 'wxmsw31u_core.lib(gdiimage.cpp.obj)' or at 'C:\Users\Jack2bs\source\repos\FanController 2\Release\wxcore.pdb'; linking object as if no debug info
wxmsw31u_core.lib(gdiplus.cpp.obj) : warning LNK4099: PDB 'wxcore.pdb' was not found with 'wxmsw31u_core.lib(gdiplus.cpp.obj)' or at 'C:\Users\Jack2bs\source\repos\FanController 2\Release\wxcore.pdb'; linking object as if no debug info
wxmsw31u_core.lib(graphics.cpp.obj) : warning LNK4099: PDB 'wxcore.pdb' was not found with 'wxmsw31u_core.lib(graphics.cpp.obj)' or at 'C:\Users\Jack2bs\source\repos\FanController 2\Release\wxcore.pdb'; linking object as if no debug info
wxmsw31u_core.lib(icon.cpp.obj) : warning LNK4099: PDB 'wxcore.pdb' was not found with 'wxmsw31u_core.lib(icon.cpp.obj)' or at 'C:\Users\Jack2bs\source\repos\FanController 2\Release\wxcore.pdb'; linking object as if no debug info
wxmsw31u_core.lib(imaglist.cpp.obj) : warning LNK4099: PDB 'wxcore.pdb' was not found with 'wxmsw31u_core.lib(imaglist.cpp.obj)' or at 'C:\Users\Jack2bs\source\repos\FanController 2\Release\wxcore.pdb'; linking object as if no debug info
wxmsw31u_core.lib(nonownedwnd.cpp.obj) : warning LNK4099: PDB 'wxcore.pdb' was not found with 'wxmsw31u_core.lib(nonownedwnd.cpp.obj)' or at 'C:\Users\Jack2bs\source\repos\FanController 2\Release\wxcore.pdb'; linking object as if no debug info
wxmsw31u_core.lib(comimpl.cpp.obj) : warning LNK4099: PDB 'wxcore.pdb' was not found with 'wxmsw31u_core.lib(comimpl.cpp.obj)' or at 'C:\Users\Jack2bs\source\repos\FanController 2\Release\wxcore.pdb'; linking object as if no debug info
wxmsw31u_core.lib(dataobj.cpp.obj) : warning LNK4099: PDB 'wxcore.pdb' was not found with 'wxmsw31u_core.lib(dataobj.cpp.obj)' or at 'C:\Users\Jack2bs\source\repos\FanController 2\Release\wxcore.pdb'; linking object as if no debug info
wxmsw31u_core.lib(droptgt.cpp.obj) : warning LNK4099: PDB 'wxcore.pdb' was not found with 'wxmsw31u_core.lib(droptgt.cpp.obj)' or at 'C:\Users\Jack2bs\source\repos\FanController 2\Release\wxcore.pdb'; linking object as if no debug info
wxmsw31u_core.lib(palette.cpp.obj) : warning LNK4099: PDB 'wxcore.pdb' was not found with 'wxmsw31u_core.lib(palette.cpp.obj)' or at 'C:\Users\Jack2bs\source\repos\FanController 2\Release\wxcore.pdb'; linking object as if no debug info
wxmsw31u_core.lib(pen.cpp.obj) : warning LNK4099: PDB 'wxcore.pdb' was not found with 'wxmsw31u_core.lib(pen.cpp.obj)' or at 'C:\Users\Jack2bs\source\repos\FanController 2\Release\wxcore.pdb'; linking object as if no debug info
wxmsw31u_core.lib(popupwin.cpp.obj) : warning LNK4099: PDB 'wxcore.pdb' was not found with 'wxmsw31u_core.lib(popupwin.cpp.obj)' or at 'C:\Users\Jack2bs\source\repos\FanController 2\Release\wxcore.pdb'; linking object as if no debug info
wxmsw31u_core.lib(printdlg.cpp.obj) : warning LNK4099: PDB 'wxcore.pdb' was not found with 'wxmsw31u_core.lib(printdlg.cpp.obj)' or at 'C:\Users\Jack2bs\source\repos\FanController 2\Release\wxcore.pdb'; linking object as if no debug info
wxmsw31u_core.lib(printwin.cpp.obj) : warning LNK4099: PDB 'wxcore.pdb' was not found with 'wxmsw31u_core.lib(printwin.cpp.obj)' or at 'C:\Users\Jack2bs\source\repos\FanController 2\Release\wxcore.pdb'; linking object as if no debug info
wxmsw31u_core.lib(region.cpp.obj) : warning LNK4099: PDB 'wxcore.pdb' was not found with 'wxmsw31u_core.lib(region.cpp.obj)' or at 'C:\Users\Jack2bs\source\repos\FanController 2\Release\wxcore.pdb'; linking object as if no debug info
wxmsw31u_core.lib(renderer.cpp.obj) : warning LNK4099: PDB 'wxcore.pdb' was not found with 'wxmsw31u_core.lib(renderer.cpp.obj)' or at 'C:\Users\Jack2bs\source\repos\FanController 2\Release\wxcore.pdb'; linking object as if no debug info
wxmsw31u_core.lib(settings.cpp.obj) : warning LNK4099: PDB 'wxcore.pdb' was not found with 'wxmsw31u_core.lib(settings.cpp.obj)' or at 'C:\Users\Jack2bs\source\repos\FanController 2\Release\wxcore.pdb'; linking object as if no debug info
wxmsw31u_core.lib(textmeasure.cpp.obj) : warning LNK4099: PDB 'wxcore.pdb' was not found with 'wxmsw31u_core.lib(textmeasure.cpp.obj)' or at 'C:\Users\Jack2bs\source\repos\FanController 2\Release\wxcore.pdb'; linking object as if no debug info
wxmsw31u_core.lib(tooltip.cpp.obj) : warning LNK4099: PDB 'wxcore.pdb' was not found with 'wxmsw31u_core.lib(tooltip.cpp.obj)' or at 'C:\Users\Jack2bs\source\repos\FanController 2\Release\wxcore.pdb'; linking object as if no debug info
wxmsw31u_core.lib(toplevel.cpp.obj) : warning LNK4099: PDB 'wxcore.pdb' was not found with 'wxmsw31u_core.lib(toplevel.cpp.obj)' or at 'C:\Users\Jack2bs\source\repos\FanController 2\Release\wxcore.pdb'; linking object as if no debug info
wxmsw31u_core.lib(utilsgui.cpp.obj) : warning LNK4099: PDB 'wxcore.pdb' was not found with 'wxmsw31u_core.lib(utilsgui.cpp.obj)' or at 'C:\Users\Jack2bs\source\repos\FanController 2\Release\wxcore.pdb'; linking object as if no debug info
wxmsw31u_core.lib(utilswin.cpp.obj) : warning LNK4099: PDB 'wxcore.pdb' was not found with 'wxmsw31u_core.lib(utilswin.cpp.obj)' or at 'C:\Users\Jack2bs\source\repos\FanController 2\Release\wxcore.pdb'; linking object as if no debug info
wxmsw31u_core.lib(uxtheme.cpp.obj) : warning LNK4099: PDB 'wxcore.pdb' was not found with 'wxmsw31u_core.lib(uxtheme.cpp.obj)' or at 'C:\Users\Jack2bs\source\repos\FanController 2\Release\wxcore.pdb'; linking object as if no debug info
wxmsw31u_core.lib(window.cpp.obj) : warning LNK4099: PDB 'wxcore.pdb' was not found with 'wxmsw31u_core.lib(window.cpp.obj)' or at 'C:\Users\Jack2bs\source\repos\FanController 2\Release\wxcore.pdb'; linking object as if no debug info
wxmsw31u_core.lib(uuid.cpp.obj) : warning LNK4099: PDB 'wxcore.pdb' was not found with 'wxmsw31u_core.lib(uuid.cpp.obj)' or at 'C:\Users\Jack2bs\source\repos\FanController 2\Release\wxcore.pdb'; linking object as if no debug info
wxmsw31u_core.lib(helpchm.cpp.obj) : warning LNK4099: PDB 'wxcore.pdb' was not found with 'wxmsw31u_core.lib(helpchm.cpp.obj)' or at 'C:\Users\Jack2bs\source\repos\FanController 2\Release\wxcore.pdb'; linking object as if no debug info
wxmsw31u_core.lib(evtloop.cpp.obj) : warning LNK4099: PDB 'wxcore.pdb' was not found with 'wxmsw31u_core.lib(evtloop.cpp.obj)' or at 'C:\Users\Jack2bs\source\repos\FanController 2\Release\wxcore.pdb'; linking object as if no debug info
wxmsw31u_core.lib(collpaneg.cpp.obj) : warning LNK4099: PDB 'wxcore.pdb' was not found with 'wxmsw31u_core.lib(collpaneg.cpp.obj)' or at 'C:\Users\Jack2bs\source\repos\FanController 2\Release\wxcore.pdb'; linking object as if no debug info
wxmsw31u_core.lib(statusbr.cpp.obj) : warning LNK4099: PDB 'wxcore.pdb' was not found with 'wxmsw31u_core.lib(statusbr.cpp.obj)' or at 'C:\Users\Jack2bs\source\repos\FanController 2\Release\wxcore.pdb'; linking object as if no debug info
wxmsw31u_core.lib(accel.cpp.obj) : warning LNK4099: PDB 'wxcore.pdb' was not found with 'wxmsw31u_core.lib(accel.cpp.obj)' or at 'C:\Users\Jack2bs\source\repos\FanController 2\Release\wxcore.pdb'; linking object as if no debug info
wxmsw31u_core.lib(anybutton.cpp.obj) : warning LNK4099: PDB 'wxcore.pdb' was not found with 'wxmsw31u_core.lib(anybutton.cpp.obj)' or at 'C:\Users\Jack2bs\source\repos\FanController 2\Release\wxcore.pdb'; linking object as if no debug info
wxmsw31u_core.lib(artmsw.cpp.obj) : warning LNK4099: PDB 'wxcore.pdb' was not found with 'wxmsw31u_core.lib(artmsw.cpp.obj)' or at 'C:\Users\Jack2bs\source\repos\FanController 2\Release\wxcore.pdb'; linking object as if no debug info
wxmsw31u_core.lib(bmpbuttn.cpp.obj) : warning LNK4099: PDB 'wxcore.pdb' was not found with 'wxmsw31u_core.lib(bmpbuttn.cpp.obj)' or at 'C:\Users\Jack2bs\source\repos\FanController 2\Release\wxcore.pdb'; linking object as if no debug info
wxmsw31u_core.lib(button.cpp.obj) : warning LNK4099: PDB 'wxcore.pdb' was not found with 'wxmsw31u_core.lib(button.cpp.obj)' or at 'C:\Users\Jack2bs\source\repos\FanController 2\Release\wxcore.pdb'; linking object as if no debug info
wxmsw31u_core.lib(checkbox.cpp.obj) : warning LNK4099: PDB 'wxcore.pdb' was not found with 'wxmsw31u_core.lib(checkbox.cpp.obj)' or at 'C:\Users\Jack2bs\source\repos\FanController 2\Release\wxcore.pdb'; linking object as if no debug info
wxmsw31u_core.lib(choice.cpp.obj) : warning LNK4099: PDB 'wxcore.pdb' was not found with 'wxmsw31u_core.lib(choice.cpp.obj)' or at 'C:\Users\Jack2bs\source\repos\FanController 2\Release\wxcore.pdb'; linking object as if no debug info
wxmsw31u_core.lib(combo.cpp.obj) : warning LNK4099: PDB 'wxcore.pdb' was not found with 'wxmsw31u_core.lib(combo.cpp.obj)' or at 'C:\Users\Jack2bs\source\repos\FanController 2\Release\wxcore.pdb'; linking object as if no debug info
wxmsw31u_core.lib(combobox.cpp.obj) : warning LNK4099: PDB 'wxcore.pdb' was not found with 'wxmsw31u_core.lib(combobox.cpp.obj)' or at 'C:\Users\Jack2bs\source\repos\FanController 2\Release\wxcore.pdb'; linking object as if no debug info
wxmsw31u_core.lib(control.cpp.obj) : warning LNK4099: PDB 'wxcore.pdb' was not found with 'wxmsw31u_core.lib(control.cpp.obj)' or at 'C:\Users\Jack2bs\source\repos\FanController 2\Release\wxcore.pdb'; linking object as if no debug info
wxmsw31u_core.lib(customdraw.cpp.obj) : warning LNK4099: PDB 'wxcore.pdb' was not found with 'wxmsw31u_core.lib(customdraw.cpp.obj)' or at 'C:\Users\Jack2bs\source\repos\FanController 2\Release\wxcore.pdb'; linking object as if no debug info
wxmsw31u_core.lib(dialog.cpp.obj) : warning LNK4099: PDB 'wxcore.pdb' was not found with 'wxmsw31u_core.lib(dialog.cpp.obj)' or at 'C:\Users\Jack2bs\source\repos\FanController 2\Release\wxcore.pdb'; linking object as if no debug info
wxmsw31u_core.lib(filedlg.cpp.obj) : warning LNK4099: PDB 'wxcore.pdb' was not found with 'wxmsw31u_core.lib(filedlg.cpp.obj)' or at 'C:\Users\Jack2bs\source\repos\FanController 2\Release\wxcore.pdb'; linking object as if no debug info
wxmsw31u_core.lib(frame.cpp.obj) : warning LNK4099: PDB 'wxcore.pdb' was not found with 'wxmsw31u_core.lib(frame.cpp.obj)' or at 'C:\Users\Jack2bs\source\repos\FanController 2\Release\wxcore.pdb'; linking object as if no debug info
wxmsw31u_core.lib(listbox.cpp.obj) : warning LNK4099: PDB 'wxcore.pdb' was not found with 'wxmsw31u_core.lib(listbox.cpp.obj)' or at 'C:\Users\Jack2bs\source\repos\FanController 2\Release\wxcore.pdb'; linking object as if no debug info
wxmsw31u_core.lib(listctrl.cpp.obj) : warning LNK4099: PDB 'wxcore.pdb' was not found with 'wxmsw31u_core.lib(listctrl.cpp.obj)' or at 'C:\Users\Jack2bs\source\repos\FanController 2\Release\wxcore.pdb'; linking object as if no debug info
wxmsw31u_core.lib(menu.cpp.obj) : warning LNK4099: PDB 'wxcore.pdb' was not found with 'wxmsw31u_core.lib(menu.cpp.obj)' or at 'C:\Users\Jack2bs\source\repos\FanController 2\Release\wxcore.pdb'; linking object as if no debug info
wxmsw31u_core.lib(menuitem.cpp.obj) : warning LNK4099: PDB 'wxcore.pdb' was not found with 'wxmsw31u_core.lib(menuitem.cpp.obj)' or at 'C:\Users\Jack2bs\source\repos\FanController 2\Release\wxcore.pdb'; linking object as if no debug info
wxmsw31u_core.lib(msgdlg.cpp.obj) : warning LNK4099: PDB 'wxcore.pdb' was not found with 'wxmsw31u_core.lib(msgdlg.cpp.obj)' or at 'C:\Users\Jack2bs\source\repos\FanController 2\Release\wxcore.pdb'; linking object as if no debug info
wxmsw31u_core.lib(nativdlg.cpp.obj) : warning LNK4099: PDB 'wxcore.pdb' was not found with 'wxmsw31u_core.lib(nativdlg.cpp.obj)' or at 'C:\Users\Jack2bs\source\repos\FanController 2\Release\wxcore.pdb'; linking object as if no debug info
wxmsw31u_core.lib(notebook.cpp.obj) : warning LNK4099: PDB 'wxcore.pdb' was not found with 'wxmsw31u_core.lib(notebook.cpp.obj)' or at 'C:\Users\Jack2bs\source\repos\FanController 2\Release\wxcore.pdb'; linking object as if no debug info
wxmsw31u_core.lib(ownerdrw.cpp.obj) : warning LNK4099: PDB 'wxcore.pdb' was not found with 'wxmsw31u_core.lib(ownerdrw.cpp.obj)' or at 'C:\Users\Jack2bs\source\repos\FanController 2\Release\wxcore.pdb'; linking object as if no debug info
wxmsw31u_core.lib(radiobox.cpp.obj) : warning LNK4099: PDB 'wxcore.pdb' was not found with 'wxmsw31u_core.lib(radiobox.cpp.obj)' or at 'C:\Users\Jack2bs\source\repos\FanController 2\Release\wxcore.pdb'; linking object as if no debug info
wxmsw31u_core.lib(radiobut.cpp.obj) : warning LNK4099: PDB 'wxcore.pdb' was not found with 'wxmsw31u_core.lib(radiobut.cpp.obj)' or at 'C:\Users\Jack2bs\source\repos\FanController 2\Release\wxcore.pdb'; linking object as if no debug info
wxmsw31u_core.lib(richmsgdlg.cpp.obj) : warning LNK4099: PDB 'wxcore.pdb' was not found with 'wxmsw31u_core.lib(richmsgdlg.cpp.obj)' or at 'C:\Users\Jack2bs\source\repos\FanController 2\Release\wxcore.pdb'; linking object as if no debug info
wxmsw31u_core.lib(scrolbar.cpp.obj) : warning LNK4099: PDB 'wxcore.pdb' was not found with 'wxmsw31u_core.lib(scrolbar.cpp.obj)' or at 'C:\Users\Jack2bs\source\repos\FanController 2\Release\wxcore.pdb'; linking object as if no debug info
wxmsw31u_core.lib(slider.cpp.obj) : warning LNK4099: PDB 'wxcore.pdb' was not found with 'wxmsw31u_core.lib(slider.cpp.obj)' or at 'C:\Users\Jack2bs\source\repos\FanController 2\Release\wxcore.pdb'; linking object as if no debug info
wxmsw31u_core.lib(spinbutt.cpp.obj) : warning LNK4099: PDB 'wxcore.pdb' was not found with 'wxmsw31u_core.lib(spinbutt.cpp.obj)' or at 'C:\Users\Jack2bs\source\repos\FanController 2\Release\wxcore.pdb'; linking object as if no debug info
wxmsw31u_core.lib(spinctrl.cpp.obj) : warning LNK4099: PDB 'wxcore.pdb' was not found with 'wxmsw31u_core.lib(spinctrl.cpp.obj)' or at 'C:\Users\Jack2bs\source\repos\FanController 2\Release\wxcore.pdb'; linking object as if no debug info
wxmsw31u_core.lib(statbmp.cpp.obj) : warning LNK4099: PDB 'wxcore.pdb' was not found with 'wxmsw31u_core.lib(statbmp.cpp.obj)' or at 'C:\Users\Jack2bs\source\repos\FanController 2\Release\wxcore.pdb'; linking object as if no debug info
wxmsw31u_core.lib(statbox.cpp.obj) : warning LNK4099: PDB 'wxcore.pdb' was not found with 'wxmsw31u_core.lib(statbox.cpp.obj)' or at 'C:\Users\Jack2bs\source\repos\FanController 2\Release\wxcore.pdb'; linking object as if no debug info
wxmsw31u_core.lib(statusbar.cpp.obj) : warning LNK4099: PDB 'wxcore.pdb' was not found with 'wxmsw31u_core.lib(statusbar.cpp.obj)' or at 'C:\Users\Jack2bs\source\repos\FanController 2\Release\wxcore.pdb'; linking object as if no debug info
wxmsw31u_core.lib(statline.cpp.obj) : warning LNK4099: PDB 'wxcore.pdb' was not found with 'wxmsw31u_core.lib(statline.cpp.obj)' or at 'C:\Users\Jack2bs\source\repos\FanController 2\Release\wxcore.pdb'; linking object as if no debug info
wxmsw31u_core.lib(stattext.cpp.obj) : warning LNK4099: PDB 'wxcore.pdb' was not found with 'wxmsw31u_core.lib(stattext.cpp.obj)' or at 'C:\Users\Jack2bs\source\repos\FanController 2\Release\wxcore.pdb'; linking object as if no debug info
wxmsw31u_core.lib(systhemectrl.cpp.obj) : warning LNK4099: PDB 'wxcore.pdb' was not found with 'wxmsw31u_core.lib(systhemectrl.cpp.obj)' or at 'C:\Users\Jack2bs\source\repos\FanController 2\Release\wxcore.pdb'; linking object as if no debug info
wxmsw31u_core.lib(taskbarbutton.cpp.obj) : warning LNK4099: PDB 'wxcore.pdb' was not found with 'wxmsw31u_core.lib(taskbarbutton.cpp.obj)' or at 'C:\Users\Jack2bs\source\repos\FanController 2\Release\wxcore.pdb'; linking object as if no debug info
wxmsw31u_core.lib(toolbar.cpp.obj) : warning LNK4099: PDB 'wxcore.pdb' was not found with 'wxmsw31u_core.lib(toolbar.cpp.obj)' or at 'C:\Users\Jack2bs\source\repos\FanController 2\Release\wxcore.pdb'; linking object as if no debug info
wxmsw31u_core.lib(textctrl.cpp.obj) : warning LNK4099: PDB 'wxcore.pdb' was not found with 'wxmsw31u_core.lib(textctrl.cpp.obj)' or at 'C:\Users\Jack2bs\source\repos\FanController 2\Release\wxcore.pdb'; linking object as if no debug info
wxmsw31u_core.lib(textentry.cpp.obj) : warning LNK4099: PDB 'wxcore.pdb' was not found with 'wxmsw31u_core.lib(textentry.cpp.obj)' or at 'C:\Users\Jack2bs\source\repos\FanController 2\Release\wxcore.pdb'; linking object as if no debug info
wxmsw31u_core.lib(checklst.cpp.obj) : warning LNK4099: PDB 'wxcore.pdb' was not found with 'wxmsw31u_core.lib(checklst.cpp.obj)' or at 'C:\Users\Jack2bs\source\repos\FanController 2\Release\wxcore.pdb'; linking object as if no debug info
wxmsw31u_core.lib(fontdlg.cpp.obj) : warning LNK4099: PDB 'wxcore.pdb' was not found with 'wxmsw31u_core.lib(fontdlg.cpp.obj)' or at 'C:\Users\Jack2bs\source\repos\FanController 2\Release\wxcore.pdb'; linking object as if no debug info
wxpng.lib(png.c.obj) : warning LNK4099: PDB 'wxpng.pdb' was not found with 'wxpng.lib(png.c.obj)' or at 'C:\Users\Jack2bs\source\repos\FanController 2\Release\wxpng.pdb'; linking object as if no debug info
wxpng.lib(pngerror.c.obj) : warning LNK4099: PDB 'wxpng.pdb' was not found with 'wxpng.lib(pngerror.c.obj)' or at 'C:\Users\Jack2bs\source\repos\FanController 2\Release\wxpng.pdb'; linking object as if no debug info
wxpng.lib(pngget.c.obj) : warning LNK4099: PDB 'wxpng.pdb' was not found with 'wxpng.lib(pngget.c.obj)' or at 'C:\Users\Jack2bs\source\repos\FanController 2\Release\wxpng.pdb'; linking object as if no debug info
wxpng.lib(pngmem.c.obj) : warning LNK4099: PDB 'wxpng.pdb' was not found with 'wxpng.lib(pngmem.c.obj)' or at 'C:\Users\Jack2bs\source\repos\FanController 2\Release\wxpng.pdb'; linking object as if no debug info
wxpng.lib(pngread.c.obj) : warning LNK4099: PDB 'wxpng.pdb' was not found with 'wxpng.lib(pngread.c.obj)' or at 'C:\Users\Jack2bs\source\repos\FanController 2\Release\wxpng.pdb'; linking object as if no debug info
wxpng.lib(pngrio.c.obj) : warning LNK4099: PDB 'wxpng.pdb' was not found with 'wxpng.lib(pngrio.c.obj)' or at 'C:\Users\Jack2bs\source\repos\FanController 2\Release\wxpng.pdb'; linking object as if no debug info
wxpng.lib(pngrtran.c.obj) : warning LNK4099: PDB 'wxpng.pdb' was not found with 'wxpng.lib(pngrtran.c.obj)' or at 'C:\Users\Jack2bs\source\repos\FanController 2\Release\wxpng.pdb'; linking object as if no debug info
wxpng.lib(pngrutil.c.obj) : warning LNK4099: PDB 'wxpng.pdb' was not found with 'wxpng.lib(pngrutil.c.obj)' or at 'C:\Users\Jack2bs\source\repos\FanController 2\Release\wxpng.pdb'; linking object as if no debug info
wxpng.lib(pngset.c.obj) : warning LNK4099: PDB 'wxpng.pdb' was not found with 'wxpng.lib(pngset.c.obj)' or at 'C:\Users\Jack2bs\source\repos\FanController 2\Release\wxpng.pdb'; linking object as if no debug info
wxpng.lib(pngtrans.c.obj) : warning LNK4099: PDB 'wxpng.pdb' was not found with 'wxpng.lib(pngtrans.c.obj)' or at 'C:\Users\Jack2bs\source\repos\FanController 2\Release\wxpng.pdb'; linking object as if no debug info
wxpng.lib(pngwio.c.obj) : warning LNK4099: PDB 'wxpng.pdb' was not found with 'wxpng.lib(pngwio.c.obj)' or at 'C:\Users\Jack2bs\source\repos\FanController 2\Release\wxpng.pdb'; linking object as if no debug info
wxpng.lib(pngwrite.c.obj) : warning LNK4099: PDB 'wxpng.pdb' was not found with 'wxpng.lib(pngwrite.c.obj)' or at 'C:\Users\Jack2bs\source\repos\FanController 2\Release\wxpng.pdb'; linking object as if no debug info
wxpng.lib(pngwtran.c.obj) : warning LNK4099: PDB 'wxpng.pdb' was not found with 'wxpng.lib(pngwtran.c.obj)' or at 'C:\Users\Jack2bs\source\repos\FanController 2\Release\wxpng.pdb'; linking object as if no debug info
wxpng.lib(pngwutil.c.obj) : warning LNK4099: PDB 'wxpng.pdb' was not found with 'wxpng.lib(pngwutil.c.obj)' or at 'C:\Users\Jack2bs\source\repos\FanController 2\Release\wxpng.pdb'; linking object as if no debug info
wxpng.lib(intel_init.c.obj) : warning LNK4099: PDB 'wxpng.pdb' was not found with 'wxpng.lib(intel_init.c.obj)' or at 'C:\Users\Jack2bs\source\repos\FanController 2\Release\wxpng.pdb'; linking object as if no debug info
wxpng.lib(filter_sse2_intrinsics.c.obj) : warning LNK4099: PDB 'wxpng.pdb' was not found with 'wxpng.lib(filter_sse2_intrinsics.c.obj)' or at 'C:\Users\Jack2bs\source\repos\FanController 2\Release\wxpng.pdb'; linking object as if no debug info
wxregexu.lib(regcomp.c.obj) : warning LNK4099: PDB 'wxregex.pdb' was not found with 'wxregexu.lib(regcomp.c.obj)' or at 'C:\Users\Jack2bs\source\repos\FanController 2\Release\wxregex.pdb'; linking object as if no debug info
wxregexu.lib(regexec.c.obj) : warning LNK4099: PDB 'wxregex.pdb' was not found with 'wxregexu.lib(regexec.c.obj)' or at 'C:\Users\Jack2bs\source\repos\FanController 2\Release\wxregex.pdb'; linking object as if no debug info
wxregexu.lib(regerror.c.obj) : warning LNK4099: PDB 'wxregex.pdb' was not found with 'wxregexu.lib(regerror.c.obj)' or at 'C:\Users\Jack2bs\source\repos\FanController 2\Release\wxregex.pdb'; linking object as if no debug info
wxregexu.lib(regfree.c.obj) : warning LNK4099: PDB 'wxregex.pdb' was not found with 'wxregexu.lib(regfree.c.obj)' or at 'C:\Users\Jack2bs\source\repos\FanController 2\Release\wxregex.pdb'; linking object as if no debug info
wxzlib.lib(adler32.c.obj) : warning LNK4099: PDB 'wxzlib.pdb' was not found with 'wxzlib.lib(adler32.c.obj)' or at 'C:\Users\Jack2bs\source\repos\FanController 2\Release\wxzlib.pdb'; linking object as if no debug info
wxzlib.lib(crc32.c.obj) : warning LNK4099: PDB 'wxzlib.pdb' was not found with 'wxzlib.lib(crc32.c.obj)' or at 'C:\Users\Jack2bs\source\repos\FanController 2\Release\wxzlib.pdb'; linking object as if no debug info
wxzlib.lib(deflate.c.obj) : warning LNK4099: PDB 'wxzlib.pdb' was not found with 'wxzlib.lib(deflate.c.obj)' or at 'C:\Users\Jack2bs\source\repos\FanController 2\Release\wxzlib.pdb'; linking object as if no debug info
wxzlib.lib(inffast.c.obj) : warning LNK4099: PDB 'wxzlib.pdb' was not found with 'wxzlib.lib(inffast.c.obj)' or at 'C:\Users\Jack2bs\source\repos\FanController 2\Release\wxzlib.pdb'; linking object as if no debug info
wxzlib.lib(inflate.c.obj) : warning LNK4099: PDB 'wxzlib.pdb' was not found with 'wxzlib.lib(inflate.c.obj)' or at 'C:\Users\Jack2bs\source\repos\FanController 2\Release\wxzlib.pdb'; linking object as if no debug info
wxzlib.lib(inftrees.c.obj) : warning LNK4099: PDB 'wxzlib.pdb' was not found with 'wxzlib.lib(inftrees.c.obj)' or at 'C:\Users\Jack2bs\source\repos\FanController 2\Release\wxzlib.pdb'; linking object as if no debug info
wxzlib.lib(trees.c.obj) : warning LNK4099: PDB 'wxzlib.pdb' was not found with 'wxzlib.lib(trees.c.obj)' or at 'C:\Users\Jack2bs\source\repos\FanController 2\Release\wxzlib.pdb'; linking object as if no debug info
wxzlib.lib(zutil.c.obj) : warning LNK4099: PDB 'wxzlib.pdb' was not found with 'wxzlib.lib(zutil.c.obj)' or at 'C:\Users\Jack2bs\source\repos\FanController 2\Release\wxzlib.pdb'; linking object as if no debug info
  FanController 2.vcxproj -> C:\Users\Jack2bs\source\repos\FanController 2\Release\FanController 2.exe
