c:\users\jack2bs\source\repos\fancontroller 2\fancontroller 2\debug\vc141.pdb
c:\users\jack2bs\source\repos\fancontroller 2\fancontroller 2\debug\vc141.idb
c:\users\jack2bs\source\repos\fancontroller 2\fancontroller 2\debug\test.obj
c:\users\jack2bs\source\repos\fancontroller 2\fancontroller 2\debug\sliderwithoutart.obj
c:\users\jack2bs\source\repos\fancontroller 2\fancontroller 2\debug\parentframe.obj
c:\users\jack2bs\source\repos\fancontroller 2\fancontroller 2\debug\mainapp.obj
c:\users\jack2bs\source\repos\fancontroller 2\fancontroller 2\debug\fancurvegraph.obj
c:\users\jack2bs\source\repos\fancontroller 2\fancontroller 2\debug\fancurvedatapoint.obj
c:\users\jack2bs\source\repos\fancontroller 2\fancontroller 2\debug\fancurvecontainer.obj
c:\users\jack2bs\source\repos\fancontroller 2\fancontroller 2\debug\datapointmovedevent.obj
c:\users\jack2bs\source\repos\fancontroller 2\fancontroller 2\debug\customwidgettest.obj
c:\users\jack2bs\source\repos\fancontroller 2\debug\fancontroller 2.exe
c:\users\jack2bs\source\repos\fancontroller 2\debug\fancontroller 2.ilk
c:\users\jack2bs\source\repos\fancontroller 2\debug\fancontroller 2.pdb
c:\users\jack2bs\source\repos\fancontroller 2\fancontroller 2\debug\fancontroller 2.tlog\cl.command.1.tlog
c:\users\jack2bs\source\repos\fancontroller 2\fancontroller 2\debug\fancontroller 2.tlog\cl.read.1.tlog
c:\users\jack2bs\source\repos\fancontroller 2\fancontroller 2\debug\fancontroller 2.tlog\cl.write.1.tlog
c:\users\jack2bs\source\repos\fancontroller 2\fancontroller 2\debug\fancontroller 2.tlog\link.command.1.tlog
c:\users\jack2bs\source\repos\fancontroller 2\fancontroller 2\debug\fancontroller 2.tlog\link.read.1.tlog
c:\users\jack2bs\source\repos\fancontroller 2\fancontroller 2\debug\fancontroller 2.tlog\link.write.1.tlog
